<?xml version="1.0" encoding="UTF-8"?>
<!-- Generated by org.testng.reporters.JUnitReportReporter -->
<testsuite hostname="LIN-2K3R9K3" failures="0" tests="1" name="com.testing.dataprovider.DataProviderIntegrationExample" time="0.001" errors="0" timestamp="2024-10-14T13:20:22 IST" skipped="0">
  <testcase classname="com.testing.dataprovider.DataProviderIntegrationExample" name="integrationTest" time="0.001"/>
  <system-out/>
</testsuite> <!-- com.testing.dataprovider.DataProviderIntegrationExample -->
