<?xml version="1.0" encoding="UTF-8"?>
<!-- Generated by org.testng.reporters.JUnitReportReporter -->
<testsuite hostname="LIN-2K3R9K3" failures="0" tests="4" name="ExecutionOrder.PriorityExample" time="0.016" errors="0" timestamp="2024-10-14T10:30:43 IST" skipped="0">
  <testcase classname="ExecutionOrder.PriorityExample" name="testOne" time="0.010"/>
  <system-out/>
  <testcase classname="ExecutionOrder.PriorityExample" name="testTwo" time="0.001"/>
  <system-out/>
  <testcase classname="ExecutionOrder.PriorityExample" name="testThree" time="0.004"/>
  <system-out/>
  <testcase classname="ExecutionOrder.PriorityExample" name="testFour" time="0.001"/>
  <system-out/>
</testsuite> <!-- ExecutionOrder.PriorityExample -->
