<?xml version="1.0" encoding="UTF-8"?>
<!-- Generated by org.testng.reporters.JUnitReportReporter -->
<testsuite hostname="LIN-2K3R9K3" failures="0" tests="1" name="com.testing.dataprovider.DataProviderAcceptanceExample" time="0.006" errors="0" timestamp="2024-10-30T16:14:27 IST" skipped="0">
  <testcase classname="com.testing.dataprovider.DataProviderAcceptanceExample" name="acceptanceTest" time="0.006"/>
  <system-out/>
</testsuite> <!-- com.testing.dataprovider.DataProviderAcceptanceExample -->
