<?xml version="1.0" encoding="UTF-8"?>
<!-- Generated by org.testng.reporters.JUnitReportReporter -->
<testsuite hostname="LIN-2K3R9K3" failures="0" tests="3" name="ExecutionOrder.TestCaseGrouping" time="0.013" errors="0" timestamp="2024-10-14T18:34:42 IST" skipped="0">
  <testcase classname="ExecutionOrder.TestCaseGrouping" name="testCaseOne" time="0.009"/>
  <system-out/>
  <testcase classname="ExecutionOrder.TestCaseGrouping" name="testCaseTwo" time="0.002"/>
  <system-out/>
  <testcase classname="ExecutionOrder.TestCaseGrouping" name="testCaseThree" time="0.002"/>
  <system-out/>
</testsuite> <!-- ExecutionOrder.TestCaseGrouping -->
