<?xml version="1.0" encoding="UTF-8"?>
<!-- Generated by org.testng.reporters.JUnitReportReporter -->
<testsuite hostname="LIN-2K3R9K3" failures="0" tests="2" name="ExecutionOrder.TestParamters" time="0.003" errors="0" timestamp="2024-10-14T13:20:22 IST" skipped="0">
  <testcase classname="ExecutionOrder.TestParamters" name="testCaseOne" time="0.001"/>
  <system-out/>
  <testcase classname="ExecutionOrder.TestParamters" name="testCaseTwo" time="0.002"/>
  <system-out/>
</testsuite> <!-- ExecutionOrder.TestParamters -->
