<?xml version="1.0" encoding="UTF-8"?>
<!-- Generated by org.testng.reporters.JUnitReportReporter -->
<testsuite hostname="LIN-2K3R9K3" failures="0" tests="2" name="Sample.Sample.FaceBookProfileLink" time="0.001" errors="0" timestamp="2024-10-30T18:59:48 IST" skipped="0">
  <testcase classname="Sample.Sample.FaceBookProfileLink" name="checkProdileLogo" time="0.000"/>
  <system-out/>
  <testcase classname="Sample.Sample.FaceBookProfileLink" name="checkProfileLinks" time="0.001"/>
  <system-out/>
</testsuite> <!-- Sample.Sample.FaceBookProfileLink -->
