<?xml version="1.0" encoding="UTF-8"?>
<!-- Generated by org.testng.reporters.JUnitReportReporter -->
<testsuite hostname="LIN-2K3R9K3" failures="0" tests="2" name="com.testing.dataprovider.TestParameterExample" time="0.006" errors="0" timestamp="2024-10-14T11:58:00 IST" skipped="0">
  <testcase classname="com.testing.dataprovider.TestParameterExample" name="testAddition" time="0.005"/>
  <system-out/>
  <testcase classname="com.testing.dataprovider.TestParameterExample" name="testAddition" time="0.001"/>
  <system-out/>
</testsuite> <!-- com.testing.dataprovider.TestParameterExample -->
