<?xml version="1.0" encoding="UTF-8"?>
<!-- Generated by org.testng.reporters.JUnitReportReporter -->
<testsuite hostname="LIN-2K3R9K3" failures="0" tests="3" name="com.testing.dataprovider.DataProviderParameterExample" time="0.002" errors="0" timestamp="2024-10-14T13:20:22 IST" skipped="0">
  <testcase classname="com.testing.dataprovider.DataProviderParameterExample" name="scenario2" time="0.000"/>
  <system-out/>
  <testcase classname="com.testing.dataprovider.DataProviderParameterExample" name="scenario1" time="0.001"/>
  <system-out/>
  <testcase classname="com.testing.dataprovider.DataProviderParameterExample" name="commonScenarios" time="0.001"/>
  <system-out/>
</testsuite> <!-- com.testing.dataprovider.DataProviderParameterExample -->
