<?xml version="1.0" encoding="UTF-8"?>
<!-- Generated by org.testng.reporters.JUnitReportReporter -->
<testsuite hostname="LIN-2K3R9K3" failures="0" tests="2" name="com.testng.training.SampleTestOne" time="0.002" errors="0" timestamp="2024-10-30T18:59:48 IST" skipped="0">
  <testcase classname="com.testng.training.SampleTestOne" name="sampleTestOneMethodTwo" time="0.001"/>
  <system-out/>
  <testcase classname="com.testng.training.SampleTestOne" name="sampleTestOneMethodOne" time="0.001"/>
  <system-out/>
</testsuite> <!-- com.testng.training.SampleTestOne -->
