<?xml version="1.0" encoding="UTF-8"?>
<!-- Generated by org.testng.reporters.JUnitReportReporter -->
<testsuite hostname="LIN-2K3R9K3" failures="0" tests="2" name="testCaseRediffPortfolio.manageSessionTest" time="58.131" errors="0" timestamp="03 Dec 2024 08:39:42 GMT" skipped="0">
  <testcase classname="testCaseRediffPortfolio.manageSessionTest" name="doLogin" time="28.577"/>
  <testcase classname="testCaseRediffPortfolio.manageSessionTest" name="doLogin" time="29.554"/>
</testsuite> <!-- testCaseRediffPortfolio.manageSessionTest -->
