<?xml version="1.0" encoding="UTF-8"?>
<!-- Generated by org.testng.reporters.JUnitReportReporter -->
<testsuite hostname="LIN-2K3R9K3" failures="0" tests="2" name="testCaseRediffPortfolio.managePortfolioTest" time="11.118" errors="0" timestamp="03 Dec 2024 08:39:42 GMT" skipped="0">
  <testcase classname="testCaseRediffPortfolio.managePortfolioTest" name="selectPortfolio" time="5.601"/>
  <testcase classname="testCaseRediffPortfolio.managePortfolioTest" name="selectPortfolio" time="5.517"/>
</testsuite> <!-- testCaseRediffPortfolio.managePortfolioTest -->
