<?xml version="1.0" encoding="UTF-8"?>
<!-- Generated by org.testng.reporters.JUnitReportReporter -->
<testsuite hostname="LIN-2K3R9K3" failures="0" tests="1" name="suiteA.TestClassA" time="5.031" errors="0" timestamp="15 Oct 2024 06:22:36 GMT" skipped="0">
  <testcase classname="suiteA.TestClassA" name="testA" time="5.031"/>
</testsuite> <!-- suiteA.TestClassA -->
