<?xml version="1.0" encoding="UTF-8"?>
<!-- Generated by org.testng.reporters.JUnitReportReporter -->
<testsuite hostname="LIN-2K3R9K3" failures="0" tests="2" name="suiteA.TestClassAA" time="4.519" errors="0" timestamp="29 Oct 2024 11:52:11 GMT" skipped="0">
  <testcase classname="suiteA.TestClassAA" name="testAA" time="2.489"/>
  <testcase classname="suiteA.TestClassAA" name="testAA" time="2.030"/>
</testsuite> <!-- suiteA.TestClassAA -->
