<?xml version="1.0" encoding="UTF-8"?>
<!-- Generated by org.testng.reporters.JUnitReportReporter -->
<testsuite hostname="LIN-2K3R9K3" failures="0" tests="2" name="suiteC.TestClassC" time="4.022" errors="0" timestamp="29 Oct 2024 11:52:11 GMT" skipped="0">
  <testcase classname="suiteC.TestClassC" name="testC" time="2.011"/>
  <testcase classname="suiteC.TestClassC" name="testC" time="2.011"/>
</testsuite> <!-- suiteC.TestClassC -->
