<?xml version="1.0" encoding="UTF-8"?>
<!-- Generated by org.testng.reporters.JUnitReportReporter -->
<testsuite hostname="LIN-2K3R9K3" failures="0" tests="2" name="suiteB.TestClassB" time="4.038" errors="0" timestamp="24 Oct 2024 11:50:05 GMT" skipped="0">
  <testcase classname="suiteB.TestClassB" name="testB" time="2.023"/>
  <testcase classname="suiteB.TestClassB" name="testB" time="2.015"/>
</testsuite> <!-- suiteB.TestClassB -->
