<?xml version="1.0" encoding="UTF-8"?>
<!-- Generated by org.testng.reporters.JUnitReportReporter -->
<testsuite hostname="LIN-2K3R9K3" failures="0" tests="1" name="suiteC.TestClassCC" time="2.012" errors="0" timestamp="21 Oct 2024 13:26:21 GMT" skipped="0">
  <testcase classname="suiteC.TestClassCC" name="testCC" time="2.012"/>
</testsuite> <!-- suiteC.TestClassCC -->
