<?xml version="1.0" encoding="UTF-8"?>
<!-- Generated by org.testng.reporters.JUnitReportReporter -->
<testsuite hostname="LIN-2K3R9K3" failures="0" tests="2" name="suiteB.TestClassBB" time="4.021" errors="0" timestamp="29 Oct 2024 11:52:11 GMT" skipped="0">
  <testcase classname="suiteB.TestClassBB" name="testBB" time="2.010"/>
  <testcase classname="suiteB.TestClassBB" name="testBB" time="2.011"/>
</testsuite> <!-- suiteB.TestClassBB -->
