<?xml version="1.0" encoding="UTF-8"?>
<!-- Generated by org.testng.reporters.JUnitReportReporter -->
<testsuite skipped="0" hostname="LIN-2K3R9K3" name="suiteA.TestClassAA" tests="1" failures="0" timestamp="15 Oct 2024 06:33:00 GMT" time="5.014" errors="0">
  <testcase name="testAA" time="5.014" classname="suiteA.TestClassAA"/>
</testsuite> <!-- suiteA.TestClassAA -->
