<?xml version="1.0" encoding="UTF-8"?>
<!-- Generated by org.testng.reporters.JUnitReportReporter -->
<testsuite hostname="LIN-2K3R9K3" failures="0" tests="1" name="PilotProject.ExtractingDataFromCalendar" time="0.076" errors="0" timestamp="26 Nov 2024 05:23:00 GMT" skipped="0">
  <testcase classname="PilotProject.ExtractingDataFromCalendar" name="calendarTest" time="0.076"/>
</testsuite> <!-- PilotProject.ExtractingDataFromCalendar -->
