<?xml version="1.0" encoding="UTF-8"?>
<!-- Generated by org.testng.reporters.JUnitReportReporter -->
<testsuite hostname="LIN-2K3R9K3" failures="0" tests="1" name="PilotProject.BookAppointment" time="12.683" errors="0" timestamp="27 Nov 2024 11:12:28 GMT" skipped="0">
  <testcase classname="PilotProject.BookAppointment" name="bookAppointmentTest" time="12.683"/>
</testsuite> <!-- PilotProject.BookAppointment -->
