<?xml version="1.0" encoding="UTF-8"?>
<!-- Generated by org.testng.reporters.JUnitReportReporter -->
<testsuite hostname="LIN-2K3R9K3" failures="0" tests="5" name="seleniumWaits.SeleniumExpicitlyWaits" time="62.792" errors="0" timestamp="24 Nov 2024 08:47:52 GMT" skipped="0">
  <testcase classname="seleniumWaits.SeleniumExpicitlyWaits" name="verifyElementEnableTest" time="13.275"/>
  <testcase classname="seleniumWaits.SeleniumExpicitlyWaits" name="verifyTextPresent" time="12.932"/>
  <testcase classname="seleniumWaits.SeleniumExpicitlyWaits" name="verifyButtonAvailableText" time="13.459"/>
  <testcase classname="seleniumWaits.SeleniumExpicitlyWaits" name="verifyAlert" time="9.460"/>
  <testcase classname="seleniumWaits.SeleniumExpicitlyWaits" name="verifyElementSelectText" time="13.666"/>
</testsuite> <!-- seleniumWaits.SeleniumExpicitlyWaits -->
