<?xml version="1.0" encoding="UTF-8"?>
<!-- Generated by org.testng.reporters.JUnitReportReporter -->
<testsuite hostname="LIN-2K3R9K3" failures="0" tests="1" name="WebElements.LocatorsDemo" time="56.623" errors="0" timestamp="22 Nov 2024 15:12:05 GMT" skipped="0">
  <testcase classname="WebElements.LocatorsDemo" name="verifyRediffSignIn" time="56.623"/>
</testsuite> <!-- WebElements.LocatorsDemo -->
