<?xml version="1.0" encoding="UTF-8"?>
<!-- Generated by org.testng.reporters.JUnitReportReporter -->
<testsuite hostname="LIN-2K3R9K3" failures="0" tests="3" name="SeleniumWebDriverPart1.VerifyElementsVisibility" time="19.876" errors="0" timestamp="24 Nov 2024 07:17:23 GMT" skipped="0">
  <testcase classname="SeleniumWebDriverPart1.VerifyElementsVisibility" name="verifyElementEnableTest" time="6.184"/>
  <testcase classname="SeleniumWebDriverPart1.VerifyElementsVisibility" name="verifySelectedTest" time="8.289"/>
  <testcase classname="SeleniumWebDriverPart1.VerifyElementsVisibility" name="verifyElementDisplayedTest" time="5.403"/>
</testsuite> <!-- SeleniumWebDriverPart1.VerifyElementsVisibility -->
