<?xml version="1.0" encoding="UTF-8"?>
<!-- Generated by org.testng.reporters.JUnitReportReporter -->
<testsuite hostname="LIN-2K3R9K3" failures="0" tests="1" name="SeleniumWebDriverPart1.handlingIFrames" time="10.554" errors="0" timestamp="24 Nov 2024 08:47:52 GMT" skipped="0">
  <testcase classname="SeleniumWebDriverPart1.handlingIFrames" name="handlIFrameTest" time="10.554"/>
</testsuite> <!-- SeleniumWebDriverPart1.handlingIFrames -->
