<?xml version="1.0" encoding="UTF-8"?>
<!-- Generated by org.testng.reporters.JUnitReportReporter -->
<testsuite hostname="LIN-2K3R9K3" failures="0" tests="1" name="seleniumWaits.SeleniumImplicitWaits" time="7.976" errors="0" timestamp="24 Nov 2024 08:47:52 GMT" skipped="0">
  <testcase classname="seleniumWaits.SeleniumImplicitWaits" name="googleSearchTest" time="7.976"/>
</testsuite> <!-- seleniumWaits.SeleniumImplicitWaits -->
