<?xml version="1.0" encoding="UTF-8"?>
<!-- Generated by org.testng.reporters.JUnitReportReporter -->
<testsuite hostname="LIN-2K3R9K3" failures="0" tests="1" name="seleniumWaits.HardCodedWaits" time="24.091" errors="0" timestamp="23 Nov 2024 08:18:53 GMT" skipped="0">
  <testcase classname="seleniumWaits.HardCodedWaits" name="googleSearchTest" time="24.091"/>
</testsuite> <!-- seleniumWaits.HardCodedWaits -->
