<?xml version="1.0" encoding="UTF-8"?>
<!-- Generated by org.testng.reporters.JUnitReportReporter -->
<testsuite hostname="LIN-2K3R9K3" failures="0" tests="1" name="browsers.BrowserOptions" time="18.107" errors="0" timestamp="24 Nov 2024 08:47:52 GMT" skipped="0">
  <testcase classname="browsers.BrowserOptions" name="chromeBrowserProfiling" time="18.107"/>
</testsuite> <!-- browsers.BrowserOptions -->
