<?xml version="1.0" encoding="UTF-8"?>
<!-- Generated by org.testng.reporters.JUnitReportReporter -->
<testsuite hostname="LIN-2K3R9K3" failures="0" tests="2" name="browsers.SeleniumMultipleBrowsers" time="19.417" errors="0" timestamp="24 Nov 2024 08:47:52 GMT" skipped="0">
  <testcase classname="browsers.SeleniumMultipleBrowsers" name="openInEdge" time="12.816"/>
  <testcase classname="browsers.SeleniumMultipleBrowsers" name="openInChrome" time="6.601"/>
</testsuite> <!-- browsers.SeleniumMultipleBrowsers -->
