<?xml version="1.0" encoding="UTF-8"?>
<!-- Generated by org.testng.reporters.JUnitReportReporter -->
<testsuite hostname="LIN-2K3R9K3" failures="0" tests="1" name="seleniumWaits.HardCodedWaits" time="9.785" errors="0" timestamp="24 Nov 2024 08:47:52 GMT" skipped="0">
  <testcase classname="seleniumWaits.HardCodedWaits" name="googleSearchTest" time="9.785"/>
</testsuite> <!-- seleniumWaits.HardCodedWaits -->
