<?xml version="1.0" encoding="UTF-8"?>
<!-- Generated by org.testng.reporters.JUnitReportReporter -->
<testsuite hostname="LIN-2K3R9K3" failures="0" tests="2" name="WebElements.CNNTest" time="41.296" errors="0" timestamp="23 Nov 2024 05:38:34 GMT" skipped="0">
  <testcase classname="WebElements.CNNTest" name="testTravelLinkwithAbsoluteXPath" time="20.215"/>
  <testcase classname="WebElements.CNNTest" name="testTravelLinkwithRelativeXPath" time="21.081"/>
</testsuite> <!-- WebElements.CNNTest -->
