<?xml version="1.0" encoding="UTF-8"?>
<!-- Generated by org.testng.reporters.JUnitReportReporter -->
<testsuite hostname="LIN-2K3R9K3" failures="0" tests="3" name="SeleniumWebDriverPart1.VerifyElementsVisibility" time="17.926" errors="0" timestamp="24 Nov 2024 08:47:52 GMT" skipped="0">
  <testcase classname="SeleniumWebDriverPart1.VerifyElementsVisibility" name="verifyElementDisplayedTest" time="5.932"/>
  <testcase classname="SeleniumWebDriverPart1.VerifyElementsVisibility" name="verifySelectedTest" time="5.835"/>
  <testcase classname="SeleniumWebDriverPart1.VerifyElementsVisibility" name="verifyElementEnableTest" time="6.159"/>
</testsuite> <!-- SeleniumWebDriverPart1.VerifyElementsVisibility -->
