<?xml version="1.0" encoding="UTF-8"?>
<!-- Generated by org.testng.reporters.JUnitReportReporter -->
<testsuite hostname="LIN-2K3R9K3" failures="0" tests="2" name="browsers.SeleniumMultipleBrowsers" time="15.064" errors="0" timestamp="05 Nov 2024 13:24:57 GMT" skipped="0">
  <testcase classname="browsers.SeleniumMultipleBrowsers" name="openInEdge" time="8.226"/>
  <testcase classname="browsers.SeleniumMultipleBrowsers" name="openInChrome" time="6.838"/>
</testsuite> <!-- browsers.SeleniumMultipleBrowsers -->
