<?xml version="1.0" encoding="UTF-8"?>
<!-- Generated by org.testng.reporters.JUnitReportReporter -->
<testsuite hostname="LIN-2K3R9K3" failures="0" tests="1" name="SeleniumIntro.FirstSeleniumTest" time="2.633" errors="0" timestamp="24 Nov 2024 08:47:52 GMT" skipped="0">
  <testcase classname="SeleniumIntro.FirstSeleniumTest" name="OpenSiteInChrome" time="2.633"/>
</testsuite> <!-- SeleniumIntro.FirstSeleniumTest -->
