<?xml version="1.0" encoding="UTF-8"?>
<!-- Generated by org.testng.reporters.JUnitReportReporter -->
<testsuite hostname="LIN-2K3R9K3" failures="0" tests="1" name="SeleniumWebDriverPart3.FileUpload" time="17.699" errors="0" timestamp="25 Nov 2024 08:30:11 GMT" skipped="0">
  <testcase classname="SeleniumWebDriverPart3.FileUpload" name="uplaodFileTest" time="17.699"/>
</testsuite> <!-- SeleniumWebDriverPart3.FileUpload -->
