<?xml version="1.0" encoding="UTF-8"?>
<!-- Generated by org.testng.reporters.JUnitReportReporter -->
<testsuite hostname="LIN-2K3R9K3" failures="0" tests="2" name="WebElements.CNNTest" time="55.025" errors="0" timestamp="24 Nov 2024 08:47:52 GMT" skipped="0">
  <testcase classname="WebElements.CNNTest" name="testTravelLinkwithRelativeXPath" time="27.188"/>
  <testcase classname="WebElements.CNNTest" name="testTravelLinkwithAbsoluteXPath" time="27.837"/>
</testsuite> <!-- WebElements.CNNTest -->
