<?xml version="1.0" encoding="UTF-8"?>
<!-- Generated by org.testng.reporters.JUnitReportReporter -->
<testsuite hostname="LIN-2K3R9K3" failures="0" tests="1" name="SeleniumWebDriverPart1.ExtractWebPagePart" time="43.192" errors="0" timestamp="24 Nov 2024 07:29:17 GMT" skipped="0">
  <testcase classname="SeleniumWebDriverPart1.ExtractWebPagePart" name="extractElementTest" time="43.192"/>
</testsuite> <!-- SeleniumWebDriverPart1.ExtractWebPagePart -->
