<?xml version="1.0" encoding="UTF-8"?>
<!-- Generated by org.testng.reporters.JUnitReportReporter -->
<testsuite hostname="LIN-2K3R9K3" failures="0" tests="1" name="SeleniumWebDriverPart2.HandleDragAndDrop" time="16.693" errors="0" timestamp="25 Nov 2024 06:20:06 GMT" skipped="0">
  <testcase classname="SeleniumWebDriverPart2.HandleDragAndDrop" name="dragAndDropHardenTest" time="16.693"/>
</testsuite> <!-- SeleniumWebDriverPart2.HandleDragAndDrop -->
