<?xml version="1.0" encoding="UTF-8"?>
<!-- Generated by org.testng.reporters.JUnitReportReporter -->
<testsuite hostname="LIN-2K3R9K3" failures="0" tests="1" name="SeleniumIntro.FirstSeleniumTest" time="3.272" errors="0" timestamp="05 Nov 2024 12:42:17 GMT" skipped="0">
  <testcase classname="SeleniumIntro.FirstSeleniumTest" name="OpenSiteInChrome" time="3.272"/>
</testsuite> <!-- SeleniumIntro.FirstSeleniumTest -->
