<?xml version="1.0" encoding="UTF-8"?>
<!-- Generated by org.testng.reporters.JUnitReportReporter -->
<testsuite hostname="LIN-2K3R9K3" failures="0" tests="5" name="seleniumWaits.SeleniumExpicitlyWaits" time="60.533" errors="0" timestamp="24 Nov 2024 04:47:32 GMT" skipped="0">
  <testcase classname="seleniumWaits.SeleniumExpicitlyWaits" name="verifyElementSelectText" time="13.048"/>
  <testcase classname="seleniumWaits.SeleniumExpicitlyWaits" name="verifyButtonAvailableText" time="13.378"/>
  <testcase classname="seleniumWaits.SeleniumExpicitlyWaits" name="verifyTextPresent" time="12.647"/>
  <testcase classname="seleniumWaits.SeleniumExpicitlyWaits" name="verifyElementEnableTest" time="12.643"/>
  <testcase classname="seleniumWaits.SeleniumExpicitlyWaits" name="verifyAlert" time="8.817"/>
</testsuite> <!-- seleniumWaits.SeleniumExpicitlyWaits -->
