<?xml version="1.0" encoding="UTF-8"?>
<!-- Generated by org.testng.reporters.JUnitReportReporter -->
<testsuite hostname="LIN-2K3R9K3" failures="0" tests="1" name="SeleniumWebDriverPart1.ExtractWebPagePart" time="15.970" errors="0" timestamp="24 Nov 2024 08:47:53 GMT" skipped="0">
  <testcase classname="SeleniumWebDriverPart1.ExtractWebPagePart" name="extractElementTest" time="15.970"/>
</testsuite> <!-- SeleniumWebDriverPart1.ExtractWebPagePart -->
