<?xml version="1.0" encoding="UTF-8"?>
<!-- Generated by org.testng.reporters.JUnitReportReporter -->
<testsuite hostname="LIN-2K3R9K3" failures="0" tests="1" name="SeleniumWebDriverPart2.HandleDropDown" time="69.396" errors="0" timestamp="24 Nov 2024 08:30:02 GMT" skipped="0">
  <testcase classname="SeleniumWebDriverPart2.HandleDropDown" name="dropDownMultiSelectTest" time="69.396"/>
</testsuite> <!-- SeleniumWebDriverPart2.HandleDropDown -->
