<?xml version="1.0" encoding="UTF-8"?>
<!-- Generated by org.testng.reporters.JUnitReportReporter -->
<testsuite hostname="LIN-2K3R9K3" failures="0" tests="1" name="browsers.BrowserOptions" time="16.840" errors="0" timestamp="23 Nov 2024 16:14:57 GMT" skipped="0">
  <testcase classname="browsers.BrowserOptions" name="chromeBrowserProfiling" time="16.840"/>
</testsuite> <!-- browsers.BrowserOptions -->
