<?xml version="1.0" encoding="UTF-8"?>
<!-- Generated by org.testng.reporters.JUnitReportReporter -->
<testsuite hostname="LIN-2K3R9K3" failures="0" tests="2" name="browsers.SeleniumMultipleBrowsers" time="16.864" errors="0" timestamp="23 Nov 2024 16:15:48 GMT" skipped="0">
  <testcase classname="browsers.SeleniumMultipleBrowsers" name="openInEdge" time="10.207"/>
  <testcase classname="browsers.SeleniumMultipleBrowsers" name="openInChrome" time="6.657"/>
</testsuite> <!-- browsers.SeleniumMultipleBrowsers -->
