<?xml version="1.0" encoding="UTF-8"?>
<!-- Generated by org.testng.reporters.JUnitReportReporter -->
<testsuite hostname="LIN-2K3R9K3" failures="0" tests="1" name="browsers.BrowserOptions" time="17.171" errors="0" timestamp="21 Nov 2024 07:57:26 GMT" skipped="0">
  <testcase classname="browsers.BrowserOptions" name="chromeBrowserProfiling" time="17.171"/>
</testsuite> <!-- browsers.BrowserOptions -->
