<?xml version="1.0" encoding="UTF-8"?>
<!-- Generated by org.testng.reporters.JUnitReportReporter -->
<testsuite hostname="LIN-2K3R9K3" failures="0" tests="1" name="SeleniumWebDriverPart2.HandleMouseHover" time="16.679" errors="0" timestamp="25 Nov 2024 06:04:11 GMT" skipped="0">
  <testcase classname="SeleniumWebDriverPart2.HandleMouseHover" name="performMouseHoverTest" time="16.679"/>
</testsuite> <!-- SeleniumWebDriverPart2.HandleMouseHover -->
