<?xml version="1.0" encoding="UTF-8"?>
<!-- Generated by org.testng.reporters.JUnitReportReporter -->
<testsuite hostname="LIN-2K3R9K3" failures="0" tests="1" name="TestNGExtent.RegistrationTest" time="0.568" errors="0" timestamp="16 Oct 2024 06:38:18 GMT" skipped="0">
  <testcase classname="TestNGExtent.RegistrationTest" name="regisTest" time="0.568"/>
</testsuite> <!-- TestNGExtent.RegistrationTest -->
