<?xml version="1.0" encoding="UTF-8"?>
<!-- Generated by org.testng.reporters.JUnitReportReporter -->
<testsuite hostname="LIN-2K3R9K3" failures="0" tests="2" name="ExtentReport.ReportUsingConfig" time="0.859" errors="0" timestamp="15 Oct 2024 10:37:19 GMT" skipped="0">
  <testcase classname="ExtentReport.ReportUsingConfig" name="sampleReportXMLConfig" time="0.081"/>
  <testcase classname="ExtentReport.ReportUsingConfig" name="sampleReportJSONConfig" time="0.778"/>
</testsuite> <!-- ExtentReport.ReportUsingConfig -->
