<?xml version="1.0" encoding="UTF-8"?>
<!-- Generated by org.testng.reporters.JUnitReportReporter -->
<testsuite hostname="LIN-2K3R9K3" failures="0" tests="1" name="ExtentReport.SampleExtentReport" time="0.766" errors="0" timestamp="15 Oct 2024 09:49:37 GMT" skipped="0">
  <testcase classname="ExtentReport.SampleExtentReport" name="sampleReport" time="0.766"/>
</testsuite> <!-- ExtentReport.SampleExtentReport -->
