<?xml version="1.0" encoding="UTF-8"?>
<!-- Generated by org.testng.reporters.JUnitReportReporter -->
<testsuite hostname="LIN-2K3R9K3" failures="0" tests="1" name="ExtentReport.FailedTestsReport" time="0.586" errors="0" timestamp="15 Oct 2024 11:14:20 GMT" skipped="0">
  <testcase classname="ExtentReport.FailedTestsReport" name="ReportofFailedTests" time="0.586"/>
</testsuite> <!-- ExtentReport.FailedTestsReport -->
